<?xml version="1.0" encoding="UTF-8" standalone="no"?>
<!DOCTYPE log SYSTEM "logger.dtd">
<log>
<record>
  <date>2025-01-22T18:30:02.794392100Z</date>
  <millis>1737570602794</millis>
  <nanos>392100</nanos>
  <sequence>0</sequence>
  <logger>Server</logger>
  <level>INFO</level>
  <class>ClientHandler</class>
  <method>run</method>
  <thread>27</thread>
  <message>Ishraq,Message:'',Timestamp:2025-01-23 00:30:02.787</message>
</record>
<record>
  <date>2025-01-22T18:30:04.122796Z</date>
  <millis>1737570604122</millis>
  <nanos>796000</nanos>
  <sequence>1</sequence>
  <logger>Server</logger>
  <level>INFO</level>
  <class>ClientHandler</class>
  <method>run</method>
  <thread>27</thread>
  <message>Ishraq,Message:'sihdfal',Timestamp:2025-01-23 00:30:04.122</message>
</record>
<record>
  <date>2025-01-22T18:30:04.860855100Z</date>
  <millis>1737570604860</millis>
  <nanos>855100</nanos>
  <sequence>2</sequence>
  <logger>Server</logger>
  <level>INFO</level>
  <class>ClientHandler</class>
  <method>run</method>
  <thread>27</thread>
  <message>Ishraq,Message:'dikasj',Timestamp:2025-01-23 00:30:04.86</message>
</record>
<record>
  <date>2025-01-22T18:30:05.774145700Z</date>
  <millis>1737570605774</millis>
  <nanos>145700</nanos>
  <sequence>3</sequence>
  <logger>Server</logger>
  <level>INFO</level>
  <class>ClientHandler</class>
  <method>run</method>
  <thread>27</thread>
  <message>Ishraq,Message:'uieea',Timestamp:2025-01-23 00:30:05.774</message>
</record>
</log>
